[2025-06-17 20:37:54] optimize void cycle
[2025-06-17 20:37:55] optimize void cycle
[2025-06-17 20:37:55] adjust alpha ops
[2025-06-17 20:38:23] optimize void cycle
[2025-06-17 20:38:23] add shadow notes
[2025-06-17 20:38:23] add shadow notes
[2025-06-17 20:38:50] remove weak patch
[2025-06-17 20:38:50] optimize void cycle
[2025-06-17 20:39:17] commit to darkness
[2025-06-17 20:39:18] adjust alpha ops
[2025-06-17 20:39:44] update wolf.log
[2025-06-17 20:39:44] refactor daemon
[2025-06-17 20:39:44] dark override initialized
[2025-06-17 20:40:11] optimize void cycle
[2025-06-17 20:40:11] enhance crypt.sh
[2025-06-17 20:40:11] dark override initialized
[2025-06-17 20:40:40] dark override initialized
[2025-06-17 20:41:07] enhance crypt.sh
[2025-06-17 20:41:07] adjust alpha ops
[2025-06-17 20:41:07] add shadow notes
[2025-06-17 20:41:34] dark override initialized
[2025-06-17 20:42:01] refactor daemon
[2025-06-17 20:42:02] optimize void cycle
[2025-06-17 20:42:39] enhance crypt.sh
[2025-06-17 20:43:10] update wolf.log
[2025-06-17 20:43:47] refactor daemon
[2025-06-17 20:44:22] add shadow notes
[2025-06-17 20:44:55] add shadow notes
[2025-06-17 20:45:29] remove weak patch
[2025-06-17 20:45:30] adjust alpha ops
[2025-06-17 20:46:04] add shadow notes
[2025-06-17 20:46:04] add shadow notes
[2025-06-17 20:46:04] dark override initialized
[2025-06-17 20:46:37] dark override initialized
[2025-06-17 20:46:37] optimize void cycle
